<?xml version="1.0" encoding="UTF-8" ?>
<testsuite tests="3" failures="0" name="PasswordHasherTest" time="0.895" errors="0" skipped="0">
  <properties>
    <property name="java.runtime.name" value="Java(TM) SE Runtime Environment"/>
    <property name="java.vm.version" value="17.0.12+8-LTS-286"/>
    <property name="sun.boot.library.path" value="D:\apps\java\bin"/>
    <property name="maven.multiModuleProjectDirectory" value="D:\Proyectos\MarketFlow"/>
    <property name="java.vm.vendor" value="Oracle Corporation"/>
    <property name="java.vendor.url" value="https://java.oracle.com/"/>
    <property name="guice.disable.misplaced.annotation.check" value="true"/>
    <property name="path.separator" value=";"/>
    <property name="java.vm.name" value="Java HotSpot(TM) 64-Bit Server VM"/>
    <property name="sun.os.patch.level" value=""/>
    <property name="user.script" value=""/>
    <property name="user.country" value="MX"/>
    <property name="sun.java.launcher" value="SUN_STANDARD"/>
    <property name="java.vm.specification.name" value="Java Virtual Machine Specification"/>
    <property name="user.dir" value="D:\Proyectos\MarketFlow"/>
    <property name="java.vm.compressedOopsMode" value="32-bit"/>
    <property name="java.runtime.version" value="17.0.12+8-LTS-286"/>
    <property name="os.arch" value="amd64"/>
    <property name="java.io.tmpdir" value="C:\Users\206w0\AppData\Local\Temp\"/>
    <property name="line.separator" value="
"/>
    <property name="java.vm.specification.vendor" value="Oracle Corporation"/>
    <property name="user.variant" value=""/>
    <property name="os.name" value="Windows 11"/>
    <property name="maven.ext.class.path" value="D:\apps\NeatBeans\NetBeans-12.5\netbeans\java\maven-nblib\netbeans-eventspy.jar"/>
    <property name="classworlds.conf" value="D:\apps\NeatBeans\NetBeans-12.5\netbeans\java\maven\bin\..\bin\m2.conf"/>
    <property name="sun.jnu.encoding" value="Cp1252"/>
    <property name="java.library.path" value="D:\apps\java\bin;C:\WINDOWS\Sun\Java\bin;C:\WINDOWS\system32;C:\WINDOWS;C:\Program Files\Common Files\Oracle\Java\javapath;C:\WINDOWS\system32;C:\WINDOWS;C:\WINDOWS\System32\Wbem;C:\WINDOWS\System32\WindowsPowerShell\v1.0\;C:\WINDOWS\System32\OpenSSH\;C:\Program Files\Git\cmd;D:\apps\NodeJs\;D:\apps\java\bin;D:\Instaladores\apache-maven-3.9.9\bin;D:\apps\xampp\php;D:\apps\composer;D:\apps\nvim\bin;D:\apps\neovim\bin;D:\apps\java\bin;C:\Program Files\MySQL\MySQL Shell 8.0\bin\;C:\Users\206w0\AppData\Local\Microsoft\WindowsApps;D:\apps\Microsoft VS Code\bin;C:\flutter\bin;C:\Users\206w0\AppData\Roaming\npm;D:\Instaladores\apache-maven-3.9.9\bin;D:\Instaladores\apache-maven-3.9.9\bin;D:\apps\Intellij\IntelliJ IDEA 2024.3\bin;;C:\Users\206w0\AppData\Roaming\Composer\vendor\bin;C:\Program Files (x86)\Nmap;;."/>
    <property name="maven.conf" value="D:\apps\NeatBeans\NetBeans-12.5\netbeans\java\maven\bin\../conf"/>
    <property name="jdk.debug" value="release"/>
    <property name="java.class.version" value="61.0"/>
    <property name="java.specification.name" value="Java Platform API Specification"/>
    <property name="sun.management.compiler" value="HotSpot 64-Bit Tiered Compilers"/>
    <property name="os.version" value="10.0"/>
    <property name="library.jansi.path" value="D:\apps\NeatBeans\NetBeans-12.5\netbeans\java\maven\bin\..\lib\jansi-native"/>
    <property name="user.home" value="C:\Users\206w0"/>
    <property name="user.timezone" value="America/Mexico_City"/>
    <property name="file.encoding" value="UTF-8"/>
    <property name="java.specification.version" value="17"/>
    <property name="user.name" value="206w0"/>
    <property name="java.class.path" value="D:\apps\NeatBeans\NetBeans-12.5\netbeans\java\maven\bin\..\boot\plexus-classworlds-2.6.0.jar"/>
    <property name="java.vm.specification.version" value="17"/>
    <property name="sun.arch.data.model" value="64"/>
    <property name="sun.java.command" value="org.codehaus.plexus.classworlds.launcher.Launcher -Dmaven.ext.class.path=D:\apps\NeatBeans\NetBeans-12.5\netbeans\java\maven-nblib\netbeans-eventspy.jar -Dfile.encoding=UTF-8 clean install"/>
    <property name="java.home" value="D:\apps\java"/>
    <property name="user.language" value="es"/>
    <property name="java.specification.vendor" value="Oracle Corporation"/>
    <property name="java.vm.info" value="mixed mode, sharing"/>
    <property name="java.version" value="17.0.12"/>
    <property name="native.encoding" value="Cp1252"/>
    <property name="java.vendor" value="Oracle Corporation"/>
    <property name="maven.home" value="D:\apps\NeatBeans\NetBeans-12.5\netbeans\java\maven\bin\.."/>
    <property name="file.separator" value="\"/>
    <property name="java.version.date" value="2024-07-16"/>
    <property name="java.vendor.url.bug" value="https://bugreport.java.com/bugreport/"/>
    <property name="sun.io.unicode.encoding" value="UnicodeLittle"/>
    <property name="sun.cpu.endian" value="little"/>
    <property name="sun.cpu.isalist" value="amd64"/>
  </properties>
  <testcase classname="PasswordHasherTest" name="PasswordHasherTest.testHashConsistency" time="0.491"/>
  <testcase classname="PasswordHasherTest" name="PasswordHasherTest.testIncorrectPasswordVerification" time="0.301"/>
  <testcase classname="PasswordHasherTest" name="PasswordHasherTest.testHashPasswordAndVerify" time="0.103"/>
</testsuite>